#
# A fatal error has been detected by the Java Runtime Environment:
#
#  SIGSEGV (0xb) at pc=0x0000000108bb9d30, pid=58790, tid=0x0000000000000e03
#
# JRE version: OpenJDK Runtime Environment (8.0_252-b09) (build 1.8.0_252-b09)
# Java VM: OpenJDK 64-Bit Server VM (25.252-b09 mixed mode bsd-amd64 compressed oops)
# Problematic frame:
# C  [python+0x62d30]  pymalloc_alloc+0x50
#
# Failed to write core dump. Core dumps have been disabled. To enable core dumping, try "ulimit -c unlimited" before starting Java again
#
# If you would like to submit a bug report, please visit:
#   http://bugreport.java.com/bugreport/crash.jsp
# The crash happened outside the Java Virtual Machine in native code.
# See problematic frame for where to report the bug.
#

---------------  T H R E A D  ---------------

Current thread (0x00007fb9d0226000):  JavaThread "main" [_thread_in_native, id=3587, stack(0x0000700003ffb000,0x00007000044fb000)]

siginfo: si_signo: 11 (SIGSEGV), si_code: 0 (unknown), si_addr: 0x0000000000000000

Registers:
RAX=0x000000012e666000, RBX=0x0000000000000000, RCX=0x90000000012e666b, RDX=0x0000000108d68dd0
RSP=0x00007000044f9bb0, RBP=0x00007000044f9bf0, RSI=0x0000000000000014, RDI=0x0000000108d68d40
R8 =0x0000000000000000, R9 =0x0000000115845d10, R10=0x0000000115845b58, R11=0x00007000044f9cc0
R12=0x0000000108d952a0, R13=0x000000000000000a, R14=0x00007000044f9c00, R15=0x0000000000000058
RIP=0x0000000108bb9d30, EFLAGS=0x0000000000010202, ERR=0x0000000000000000
  TRAPNO=0x000000000000000d

Top of Stack: (sp=0x00007000044f9bb0)
0x00007000044f9bb0:   0000000108f230f0 0000000109261eb8
0x00007000044f9bc0:   00000001091cc4c8 0000000000000058
0x00007000044f9bd0:   0000000108d952a0 0000000109ba54c8
0x00007000044f9be0:   0000000000000000 0000000000000000
0x00007000044f9bf0:   00007000044f9c10 0000000108bb8182
0x00007000044f9c00:   0000000108bb8170 0000000000000040
0x00007000044f9c10:   00007000044f9c50 0000000108ca915f
0x00007000044f9c20:   00007000044f9c70 cc10679679b7e07f
0x00007000044f9c30:   000000010902eb88 0000000000000040
0x00007000044f9c40:   0000000000000000 0000000000000000
0x00007000044f9c50:   00007000044f9c80 0000000108bc5536
0x00007000044f9c60:   000000012e66b348 0000000108d952a0
0x00007000044f9c70:   0000000000000000 0000000000000000
0x00007000044f9c80:   00007000044f9cd0 0000000108cc8bc9
0x00007000044f9c90:   0000000115845cf8 0000000000000000
0x00007000044f9ca0:   0000000000000000 0000000108d952a0
0x00007000044f9cb0:   0000000108d789f0 0000000000000000
0x00007000044f9cc0:   0000000000000000 000000012e66b348
0x00007000044f9cd0:   00007000044f9d10 0000000108bc86fc
0x00007000044f9ce0:   00007fb9cf0eae40 000000012e66b348
0x00007000044f9cf0:   0000000108d789f0 0000000000000000
0x00007000044f9d00:   0000000000000000 0000000108dd0b28
0x00007000044f9d10:   00007000044f9d60 0000000108b7814f
0x00007000044f9d20:   0000000108bc86d0 0000000108d952a0
0x00007000044f9d30:   000000012e66b348 00007000044f9e38
0x00007000044f9d40:   0000000115845cf8 0000000108d952a0
0x00007000044f9d50:   0000000115845d00 0000000000000002
0x00007000044f9d60:   00007000044f9db0 0000000108c4d3d5
0x00007000044f9d70:   00007000044f9db0 0000000108ba3b97
0x00007000044f9d80:   00007000044f9db0 0000000115845b58
0x00007000044f9d90:   00000001090cb5d0 0000000115845cf0
0x00007000044f9da0:   0000000108dd0b28 0000000000000002 

Instructions: (pc=0x0000000108bb9d30)
0x0000000108bb9d10:   03 43 8d 74 2d 00 48 8d 3d 23 f0 1a 00 48 8b 04
0x0000000108bb9d20:   f7 48 8b 50 10 48 39 d0 74 33 ff 00 48 8b 48 08
0x0000000108bb9d30:   48 8b 31 48 89 70 08 48 85 f6 0f 85 93 03 00 00
0x0000000108bb9d40:   8b 70 28 3b 70 2c 0f 86 50 01 00 00 48 8b 40 18 

Register to memory mapping:

RAX=0x000000012e666000 is an unknown value
RBX=0x0000000000000000 is an unknown value
RCX=0x90000000012e666b is an unknown value
RDX=0x0000000108d68dd0: usedpools+0x90 in /Users/kimja01/projects/crawling/venv/bin/python at 0x0000000108b57000
RSP=0x00007000044f9bb0 is pointing into the stack for thread: 0x00007fb9d0226000
RBP=0x00007000044f9bf0 is pointing into the stack for thread: 0x00007fb9d0226000
RSI=0x0000000000000014 is an unknown value
RDI=0x0000000108d68d40: usedpools+0 in /Users/kimja01/projects/crawling/venv/bin/python at 0x0000000108b57000
R8 =0x0000000000000000 is an unknown value
R9 =0x0000000115845d10 is an unknown value
R10=0x0000000115845b58 is an unknown value
R11=0x00007000044f9cc0 is pointing into the stack for thread: 0x00007fb9d0226000
R12=0x0000000108d952a0: partial_type+0 in /Users/kimja01/projects/crawling/venv/bin/python at 0x0000000108b57000
R13=0x000000000000000a is an unknown value
R14=0x00007000044f9c00 is pointing into the stack for thread: 0x00007fb9d0226000
R15=0x0000000000000058 is an unknown value


Stack: [0x0000700003ffb000,0x00007000044fb000],  sp=0x00007000044f9bb0,  free space=5114k
Native frames: (J=compiled Java code, j=interpreted, Vv=VM code, C=native code)
C  [python+0x62d30]  pymalloc_alloc+0x50
C  [python+0x61182]  _PyObject_Malloc+0x12
C  [python+0x15215f]  _PyObject_GC_Alloc+0x4f
C  [python+0x6e536]  PyType_GenericAlloc+0xe6
C  [python+0x171bc9]  partial_new+0x79
C  [python+0x716fc]  type_call+0x2c
C  [python+0x2114f]  _PyObject_FastCallKeywords+0x23f
C  [python+0xf63d5]  call_function+0x305
C  [python+0xf2e2e]  _PyEval_EvalFrameDefault+0x6a7e
C  [python+0x2180d]  function_code_fastcall+0xed
C  [python+0xf63dc]  call_function+0x30c
C  [python+0xf2e2e]  _PyEval_EvalFrameDefault+0x6a7e
C  [python+0xf715d]  _PyEval_EvalCodeWithName+0xbbd
C  [python+0x212e9]  _PyFunction_FastCallKeywords+0xd9
C  [python+0xf63dc]  call_function+0x30c
C  [python+0xec954]  _PyEval_EvalFrameDefault+0x5a4
C  [python+0xf715d]  _PyEval_EvalCodeWithName+0xbbd
C  [python+0x212e9]  _PyFunction_FastCallKeywords+0xd9
C  [python+0xf63dc]  call_function+0x30c
C  [python+0xf2e2e]  _PyEval_EvalFrameDefault+0x6a7e
C  [python+0xf715d]  _PyEval_EvalCodeWithName+0xbbd
C  [python+0x20de7]  _PyFunction_FastCallDict+0x1c7
C  [python+0xf3050]  _PyEval_EvalFrameDefault+0x6ca0
C  [python+0x2180d]  function_code_fastcall+0xed
C  [python+0xf63dc]  call_function+0x30c
C  [python+0xf2e0e]  _PyEval_EvalFrameDefault+0x6a5e
C  [python+0x2180d]  function_code_fastcall+0xed
C  [python+0xf63dc]  call_function+0x30c
C  [python+0xf2e0e]  _PyEval_EvalFrameDefault+0x6a5e
C  [python+0x2180d]  function_code_fastcall+0xed
C  [python+0x222b3]  _PyObject_Call_Prepend+0x83
C  [python+0x21448]  PyObject_Call+0x88
C  [python+0x186827]  t_bootstrap+0x47
C  [python+0x13a0e9]  pythread_wrapper+0x19
C  [libsystem_pthread.dylib+0x6109]  _pthread_start+0x94
C  [libsystem_pthread.dylib+0x1b8b]  thread_start+0xf
C  0x0000000000000000


---------------  P R O C E S S  ---------------

Java Threads: ( => current thread )
  0x00007fb9d605e000 JavaThread "SIGINT handler" daemon [_thread_blocked, id=17411, stack(0x0000700005ac6000,0x0000700005bc6000)]
  0x00007fb9cec28000 JavaThread "Service Thread" daemon [_thread_blocked, id=16387, stack(0x00007000057bd000,0x00007000058bd000)]
  0x00007fb9cf86c800 JavaThread "C1 CompilerThread3" daemon [_thread_blocked, id=18179, stack(0x00007000056ba000,0x00007000057ba000)]
  0x00007fb9cf86c000 JavaThread "C2 CompilerThread2" daemon [_thread_blocked, id=15619, stack(0x00007000055b7000,0x00007000056b7000)]
  0x00007fb9cf86b000 JavaThread "C2 CompilerThread1" daemon [_thread_blocked, id=18435, stack(0x00007000054b4000,0x00007000055b4000)]
  0x00007fb9cf840800 JavaThread "C2 CompilerThread0" daemon [_thread_blocked, id=14851, stack(0x00007000053b1000,0x00007000054b1000)]
  0x00007fb9cf850800 JavaThread "Signal Dispatcher" daemon [_thread_blocked, id=14339, stack(0x00007000052ae000,0x00007000053ae000)]
  0x00007fb9cec24800 JavaThread "Finalizer" daemon [_thread_blocked, id=13571, stack(0x00007000051ab000,0x00007000052ab000)]
  0x00007fb9cea01000 JavaThread "Reference Handler" daemon [_thread_blocked, id=13315, stack(0x00007000050a8000,0x00007000051a8000)]
=>0x00007fb9d0226000 JavaThread "main" [_thread_in_native, id=3587, stack(0x0000700003ffb000,0x00007000044fb000)]

Other Threads:
  0x00007fb9ce1d6800 VMThread [stack: 0x0000700004fa5000,0x00007000050a5000] [id=19459]

VM state:at safepoint (normal execution)

VM Mutex/Monitor currently owned by a thread:  ([mutex/lock_event])
[0x00007fb9cf78edb0] Threads_lock - owner thread: 0x00007fb9ce1d6800

heap address: 0x0000000780000000, size: 1024 MB, Compressed Oops mode: Zero based, Oop shift amount: 3
Narrow klass base: 0x0000000000000000, Narrow klass shift: 3
Compressed class space size: 1073741824 Address: 0x00000007c0000000

Heap:
 PSYoungGen      total 322560K, used 16284K [0x00000007aab00000, 0x00000007c0000000, 0x00000007c0000000)
  eden space 296960K, 5% used [0x00000007aab00000,0x00000007abae73b0,0x00000007bcd00000)
  from space 25600K, 0% used [0x00000007bcd00000,0x00000007bcd00000,0x00000007be600000)
  to   space 25600K, 0% used [0x00000007be700000,0x00000007be700000,0x00000007c0000000)
 ParOldGen       total 175104K, used 72199K [0x0000000780000000, 0x000000078ab00000, 0x00000007aab00000)
  object space 175104K, 41% used [0x0000000780000000,0x0000000784681d90,0x000000078ab00000)
 Metaspace       used 13726K, capacity 14444K, committed 14592K, reserved 1060864K
  class space    used 2018K, capacity 2185K, committed 2304K, reserved 1048576K

Card table byte_map: [0x0000000129b5a000,0x0000000129d5b000] byte_map_base: 0x0000000125f5a000

Marking Bits: (ParMarkBitMap*) 0x000000011a4cc638
 Begin Bits: [0x0000000129eb1000, 0x000000012aeb1000)
 End Bits:   [0x000000012aeb1000, 0x000000012beb1000)

Polling page: 0x0000000109cf7000

CodeCache: size=245760Kb used=9763Kb max_used=9763Kb free=235996Kb
 bounds [0x000000011a79a000, 0x000000011b13a000, 0x000000012979a000]
 total_blobs=3439 nmethods=3082 adapters=271
 compilation: enabled

Compilation events (10 events):
Event: 4.670 Thread 0x00007fb9cf86c800 3078       3       java.lang.reflect.Method::toString (20 bytes)
Event: 4.670 Thread 0x00007fb9cf86c800 nmethod 3078 0x000000011b121810 code [0x000000011b1219a0, 0x000000011b121f78]
Event: 4.670 Thread 0x00007fb9cf86c800 3079       3       java.lang.reflect.Method::specificToStringHeader (44 bytes)
Event: 4.671 Thread 0x00007fb9cf86c800 nmethod 3079 0x000000011b11fa50 code [0x000000011b11fcc0, 0x000000011b120ea8]
Event: 4.671 Thread 0x00007fb9cf86c800 3080       3       org.jpype.manager.MethodResolution::sortMethods (218 bytes)
Event: 4.672 Thread 0x00007fb9cf86c800 nmethod 3080 0x000000011b122790 code [0x000000011b122be0, 0x000000011b124fd8]
Event: 4.672 Thread 0x00007fb9cf86c800 3081       3       org.jpype.manager.TypeManager::createMethods (380 bytes)
Event: 4.673 Thread 0x00007fb9cf86c800 nmethod 3081 0x000000011b126450 code [0x000000011b1267c0, 0x000000011b128718]
Event: 4.673 Thread 0x00007fb9cf86c800 3082       3       java.lang.reflect.Executable::printModifiersIfNonzero (101 bytes)
Event: 4.674 Thread 0x00007fb9cf86c800 nmethod 3082 0x000000011b129790 code [0x000000011b129aa0, 0x000000011b12b218]

GC Heap History (10 events):
Event: 4.470 GC heap before
{Heap before GC invocations=29 (full 12):
 PSYoungGen      total 272896K, used 262144K [0x00000007aab00000, 0x00000007bc000000, 0x00000007c0000000)
  eden space 262144K, 100% used [0x00000007aab00000,0x00000007bab00000,0x00000007bab00000)
  from space 10752K, 0% used [0x00000007bb580000,0x00000007bb580000,0x00000007bc000000)
  to   space 10752K, 0% used [0x00000007bab00000,0x00000007bab00000,0x00000007bb580000)
 ParOldGen       total 175104K, used 53319K [0x0000000780000000, 0x000000078ab00000, 0x00000007aab00000)
  object space 175104K, 30% used [0x0000000780000000,0x0000000783411e30,0x000000078ab00000)
 Metaspace       used 13668K, capacity 14272K, committed 14464K, reserved 1060864K
  class space    used 2011K, capacity 2151K, committed 2176K, reserved 1048576K
Event: 4.486 GC heap after
Heap after GC invocations=29 (full 12):
 PSYoungGen      total 272896K, used 10752K [0x00000007aab00000, 0x00000007c0000000, 0x00000007c0000000)
  eden space 262144K, 0% used [0x00000007aab00000,0x00000007aab00000,0x00000007bab00000)
  from space 10752K, 100% used [0x00000007bab00000,0x00000007bb580000,0x00000007bb580000)
  to   space 26624K, 0% used [0x00000007be600000,0x00000007be600000,0x00000007c0000000)
 ParOldGen       total 175104K, used 65883K [0x0000000780000000, 0x000000078ab00000, 0x00000007aab00000)
  object space 175104K, 37% used [0x0000000780000000,0x0000000784056fc8,0x000000078ab00000)
 Metaspace       used 13668K, capacity 14272K, committed 14464K, reserved 1060864K
  class space    used 2011K, capacity 2151K, committed 2176K, reserved 1048576K
}
Event: 4.505 GC heap before
{Heap before GC invocations=30 (full 12):
 PSYoungGen      total 272896K, used 17497K [0x00000007aab00000, 0x00000007c0000000, 0x00000007c0000000)
  eden space 262144K, 2% used [0x00000007aab00000,0x00000007ab196428,0x00000007bab00000)
  from space 10752K, 100% used [0x00000007bab00000,0x00000007bb580000,0x00000007bb580000)
  to   space 26624K, 0% used [0x00000007be600000,0x00000007be600000,0x00000007c0000000)
 ParOldGen       total 175104K, used 65883K [0x0000000780000000, 0x000000078ab00000, 0x00000007aab00000)
  object space 175104K, 37% used [0x0000000780000000,0x0000000784056fc8,0x000000078ab00000)
 Metaspace       used 13691K, capacity 14348K, committed 14464K, reserved 1060864K
  class space    used 2012K, capacity 2153K, committed 2176K, reserved 1048576K
Event: 4.511 GC heap after
Heap after GC invocations=30 (full 12):
 PSYoungGen      total 323584K, used 10848K [0x00000007aab00000, 0x00000007c0000000, 0x00000007c0000000)
  eden space 296960K, 0% used [0x00000007aab00000,0x00000007aab00000,0x00000007bcd00000)
  from space 26624K, 40% used [0x00000007be600000,0x00000007bf098000,0x00000007c0000000)
  to   space 25600K, 0% used [0x00000007bcd00000,0x00000007bcd00000,0x00000007be600000)
 ParOldGen       total 175104K, used 65891K [0x0000000780000000, 0x000000078ab00000, 0x00000007aab00000)
  object space 175104K, 37% used [0x0000000780000000,0x0000000784058fc8,0x000000078ab00000)
 Metaspace       used 13691K, capacity 14348K, committed 14464K, reserved 1060864K
  class space    used 2012K, capacity 2153K, committed 2176K, reserved 1048576K
}
Event: 4.511 GC heap before
{Heap before GC invocations=31 (full 13):
 PSYoungGen      total 323584K, used 10848K [0x00000007aab00000, 0x00000007c0000000, 0x00000007c0000000)
  eden space 296960K, 0% used [0x00000007aab00000,0x00000007aab00000,0x00000007bcd00000)
  from space 26624K, 40% used [0x00000007be600000,0x00000007bf098000,0x00000007c0000000)
  to   space 25600K, 0% used [0x00000007bcd00000,0x00000007bcd00000,0x00000007be600000)
 ParOldGen       total 175104K, used 65891K [0x0000000780000000, 0x000000078ab00000, 0x00000007aab00000)
  object space 175104K, 37% used [0x0000000780000000,0x0000000784058fc8,0x000000078ab00000)
 Metaspace       used 13691K, capacity 14348K, committed 14464K, reserved 1060864K
  class space    used 2012K, capacity 2153K, committed 2176K, reserved 1048576K
Event: 4.668 GC heap after
Heap after GC invocations=31 (full 13):
 PSYoungGen      total 323584K, used 0K [0x00000007aab00000, 0x00000007c0000000, 0x00000007c0000000)
  eden space 296960K, 0% used [0x00000007aab00000,0x00000007aab00000,0x00000007bcd00000)
  from space 26624K, 0% used [0x00000007be600000,0x00000007be600000,0x00000007c0000000)
  to   space 25600K, 0% used [0x00000007bcd00000,0x00000007bcd00000,0x00000007be600000)
 ParOldGen       total 175104K, used 72150K [0x0000000780000000, 0x000000078ab00000, 0x00000007aab00000)
  object space 175104K, 41% used [0x0000000780000000,0x00000007846758b8,0x000000078ab00000)
 Metaspace       used 13691K, capacity 14348K, committed 14464K, reserved 1060864K
  class space    used 2012K, capacity 2153K, committed 2176K, reserved 1048576K
}
Event: 4.688 GC heap before
{Heap before GC invocations=32 (full 13):
 PSYoungGen      total 323584K, used 7640K [0x00000007aab00000, 0x00000007c0000000, 0x00000007c0000000)
  eden space 296960K, 2% used [0x00000007aab00000,0x00000007ab2762d8,0x00000007bcd00000)
  from space 26624K, 0% used [0x00000007be600000,0x00000007be600000,0x00000007c0000000)
  to   space 25600K, 0% used [0x00000007bcd00000,0x00000007bcd00000,0x00000007be600000)
 ParOldGen       total 175104K, used 72150K [0x0000000780000000, 0x000000078ab00000, 0x00000007aab00000)
  object space 175104K, 41% used [0x0000000780000000,0x00000007846758b8,0x000000078ab00000)
 Metaspace       used 13709K, capacity 14348K, committed 14464K, reserved 1060864K
  class space    used 2014K, capacity 2153K, committed 2176K, reserved 1048576K
Event: 4.689 GC heap after
Heap after GC invocations=32 (full 13):
 PSYoungGen      total 322560K, used 256K [0x00000007aab00000, 0x00000007c0000000, 0x00000007c0000000)
  eden space 296960K, 0% used [0x00000007aab00000,0x00000007aab00000,0x00000007bcd00000)
  from space 25600K, 1% used [0x00000007bcd00000,0x00000007bcd40000,0x00000007be600000)
  to   space 25600K, 0% used [0x00000007be700000,0x00000007be700000,0x00000007c0000000)
 ParOldGen       total 175104K, used 72158K [0x0000000780000000, 0x000000078ab00000, 0x00000007aab00000)
  object space 175104K, 41% used [0x0000000780000000,0x00000007846778b8,0x000000078ab00000)
 Metaspace       used 13709K, capacity 14348K, committed 14464K, reserved 1060864K
  class space    used 2014K, capacity 2153K, committed 2176K, reserved 1048576K
}
Event: 4.689 GC heap before
{Heap before GC invocations=33 (full 14):
 PSYoungGen      total 322560K, used 256K [0x00000007aab00000, 0x00000007c0000000, 0x00000007c0000000)
  eden space 296960K, 0% used [0x00000007aab00000,0x00000007aab00000,0x00000007bcd00000)
  from space 25600K, 1% used [0x00000007bcd00000,0x00000007bcd40000,0x00000007be600000)
  to   space 25600K, 0% used [0x00000007be700000,0x00000007be700000,0x00000007c0000000)
 ParOldGen       total 175104K, used 72158K [0x0000000780000000, 0x000000078ab00000, 0x00000007aab00000)
  object space 175104K, 41% used [0x0000000780000000,0x00000007846778b8,0x000000078ab00000)
 Metaspace       used 13709K, capacity 14348K, committed 14464K, reserved 1060864K
  class space    used 2014K, capacity 2153K, committed 2176K, reserved 1048576K
Event: 4.801 GC heap after
Heap after GC invocations=33 (full 14):
 PSYoungGen      total 322560K, used 0K [0x00000007aab00000, 0x00000007c0000000, 0x00000007c0000000)
  eden space 296960K, 0% used [0x00000007aab00000,0x00000007aab00000,0x00000007bcd00000)
  from space 25600K, 0% used [0x00000007bcd00000,0x00000007bcd00000,0x00000007be600000)
  to   space 25600K, 0% used [0x00000007be700000,0x00000007be700000,0x00000007c0000000)
 ParOldGen       total 175104K, used 72199K [0x0000000780000000, 0x000000078ab00000, 0x00000007aab00000)
  object space 175104K, 41% used [0x0000000780000000,0x0000000784681d90,0x000000078ab00000)
 Metaspace       used 13709K, capacity 14348K, committed 14464K, reserved 1060864K
  class space    used 2014K, capacity 2153K, committed 2176K, reserved 1048576K
}

Deoptimization events (10 events):
Event: 4.195 Thread 0x00007fb9d0226000 Uncommon trap: reason=bimorphic action=maybe_recompile pc=0x000000011b0e33f8 method=scala.collection.immutable.HashMap$HashTrieMap.updated0(Ljava/lang/Object;IILjava/lang/Object;Lscala/Tuple2;Lscala/collection/immutable/HashMap$Merger;)Lscala/collection/i
Event: 4.195 Thread 0x00007fb9d0226000 Uncommon trap: reason=bimorphic action=maybe_recompile pc=0x000000011b0e3300 method=scala.collection.immutable.HashMap$HashTrieMap.updated0(Ljava/lang/Object;IILjava/lang/Object;Lscala/Tuple2;Lscala/collection/immutable/HashMap$Merger;)Lscala/collection/i
Event: 4.195 Thread 0x00007fb9d0226000 Uncommon trap: reason=bimorphic action=maybe_recompile pc=0x000000011b0e3300 method=scala.collection.immutable.HashMap$HashTrieMap.updated0(Ljava/lang/Object;IILjava/lang/Object;Lscala/Tuple2;Lscala/collection/immutable/HashMap$Merger;)Lscala/collection/i
Event: 4.196 Thread 0x00007fb9d0226000 Uncommon trap: reason=bimorphic action=maybe_recompile pc=0x000000011b0e3300 method=scala.collection.immutable.HashMap$HashTrieMap.updated0(Ljava/lang/Object;IILjava/lang/Object;Lscala/Tuple2;Lscala/collection/immutable/HashMap$Merger;)Lscala/collection/i
Event: 4.339 Thread 0x00007fb9d0226000 Uncommon trap: reason=class_check action=maybe_recompile pc=0x000000011b0ceff4 method=scala.collection.mutable.MapBuilder.$plus$eq(Lscala/Tuple2;)Lscala/collection/mutable/MapBuilder; @ 6
Event: 4.339 Thread 0x00007fb9d0226000 Uncommon trap: reason=class_check action=maybe_recompile pc=0x000000011b0ceff4 method=scala.collection.mutable.MapBuilder.$plus$eq(Lscala/Tuple2;)Lscala/collection/mutable/MapBuilder; @ 6
Event: 4.339 Thread 0x00007fb9d0226000 Uncommon trap: reason=class_check action=maybe_recompile pc=0x000000011b0ceff4 method=scala.collection.mutable.MapBuilder.$plus$eq(Lscala/Tuple2;)Lscala/collection/mutable/MapBuilder; @ 6
Event: 4.339 Thread 0x00007fb9d0226000 Uncommon trap: reason=class_check action=maybe_recompile pc=0x000000011b0ceff4 method=scala.collection.mutable.MapBuilder.$plus$eq(Lscala/Tuple2;)Lscala/collection/mutable/MapBuilder; @ 6
Event: 4.339 Thread 0x00007fb9d0226000 Uncommon trap: reason=class_check action=maybe_recompile pc=0x000000011b0d6e04 method=scala.collection.mutable.MapBuilder.$plus$eq(Lscala/Tuple2;)Lscala/collection/mutable/MapBuilder; @ 6
Event: 4.444 Thread 0x00007fb9d0226000 Uncommon trap: reason=unstable_if action=reinterpret pc=0x000000011ac35d44 method=scala.collection.immutable.HashMap$HashTrieMap.get0(Ljava/lang/Object;II)Lscala/Option; @ 13

Classes redefined (0 events):
No events

Internal exceptions (10 events):
Event: 3.149 Thread 0x00007fb9d0226000 Exception <a 'java/lang/NoSuchMethodError': java.lang.Object.$anonfun$sum$1(Lscala/math/Numeric;Ljava/lang/Object;Ljava/lang/Object;)Ljava/lang/Object;> (0x00000007ae587e18) thrown at [/Users/jenkins/workspace/build-scripts/jobs/jdk8u/jdk8u-mac-x64-hotspo
Event: 3.154 Thread 0x00007fb9d0226000 Exception <a 'java/lang/NoSuchMethodError': java.lang.Object.$anonfun$releaseVersion$1$adapted(Ljava/lang/String;)Ljava/lang/Object;> (0x00000007ae5c3ab0) thrown at [/Users/jenkins/workspace/build-scripts/jobs/jdk8u/jdk8u-mac-x64-hotspot/workspace/build/s
Event: 3.155 Thread 0x00007fb9d0226000 Exception <a 'java/lang/NoSuchMethodError': java.lang.Object.$anonfun$releaseVersion$2(Ljava/lang/String;)Ljava/lang/String;> (0x00000007ae5cede0) thrown at [/Users/jenkins/workspace/build-scripts/jobs/jdk8u/jdk8u-mac-x64-hotspot/workspace/build/src/hotsp
Event: 3.155 Thread 0x00007fb9d0226000 Exception <a 'java/lang/NoSuchMethodError': java.lang.Object.$anonfun$developmentVersion$1$adapted(Ljava/lang/String;)Ljava/lang/Object;> (0x00000007ae5d2f78) thrown at [/Users/jenkins/workspace/build-scripts/jobs/jdk8u/jdk8u-mac-x64-hotspot/workspace/bui
Event: 3.156 Thread 0x00007fb9d0226000 Exception <a 'java/lang/NoSuchMethodError': java.lang.Object.$anonfun$developmentVersion$2(Lscala/util/PropertiesTrait;Ljava/lang/String;)Lscala/Option;> (0x00000007ae5d6d40) thrown at [/Users/jenkins/workspace/build-scripts/jobs/jdk8u/jdk8u-mac-x64-hotsp
Event: 3.164 Thread 0x00007fb9d0226000 Exception <a 'java/lang/NoSuchMethodError': java.lang.Object.$anonfun$distinct$1(Lscala/collection/mutable/Builder;Lscala/collection/mutable/HashSet;Ljava/lang/Object;)Ljava/lang/Object;> (0x00000007ae63a2f0) thrown at [/Users/jenkins/workspace/build-scri
Event: 3.201 Thread 0x00007fb9d0226000 Exception <a 'java/lang/NoSuchMethodError': java.lang.Object.$anonfun$addString$1(Lscala/collection/mutable/StringBuilder;Ljava/lang/String;Lscala/runtime/BooleanRef;Ljava/lang/Object;)Ljava/lang/Object;> (0x00000007ae848e70) thrown at [/Users/jenkins/wor
Event: 4.469 Thread 0x00007fb9d0226000 Exception <a 'java/lang/NoSuchMethodError': java.lang.Object.$anonfun$filterImpl$1(Lscala/Function1;ZLscala/collection/mutable/Builder;Ljava/lang/Object;)Ljava/lang/Object;> (0x00000007ba9dbae8) thrown at [/Users/jenkins/workspace/build-scripts/jobs/jdk8u
Event: 4.822 Thread 0x00007fb9d0226000 Exception <a 'org/jpype/PyExceptionProxy'> (0x00000007aab9b030) thrown at [/Users/jenkins/workspace/build-scripts/jobs/jdk8u/jdk8u-mac-x64-hotspot/workspace/build/src/hotspot/src/share/vm/prims/jni.cpp, line 710]
Event: 4.822 Thread 0x00007fb9d0226000 Exception <a 'org/jpype/PyExceptionProxy'> (0x00000007aab9b030) thrown at [/Users/jenkins/workspace/build-scripts/jobs/jdk8u/jdk8u-mac-x64-hotspot/workspace/build/src/hotspot/src/share/vm/prims/jni.cpp, line 710]

Events (10 events):
Event: 4.802 loading class java/util/IdentityHashMap$IdentityHashMapIterator done
Event: 4.802 loading class java/util/IdentityHashMap$KeyIterator done
Event: 4.802 Thread 0x00007fb9cfbee000 Thread added: 0x00007fb9cfbee000
Event: 4.808 Executing VM operation: ThreadDump
Event: 4.808 Executing VM operation: ThreadDump done
Event: 4.809 Executing VM operation: RevokeBias
Event: 4.809 Executing VM operation: RevokeBias done
Event: 4.822 Thread 0x00007fb9cec5f800 Thread exited: 0x00007fb9cec5f800
Event: 4.822 Thread 0x00007fb9cfbee000 Thread exited: 0x00007fb9cfbee000
Event: 4.822 Executing VM operation: Exit


Dynamic libraries:
0x00007fff2e41c000 	/System/Library/Frameworks/CoreFoundation.framework/Versions/A/CoreFoundation
0x00007fff6553b000 	/usr/lib/libSystem.B.dylib
0x00007fff6739b000 	/usr/lib/libobjc.A.dylib
0x00007fff662f3000 	/usr/lib/libfakelink.dylib
0x00007fff65065000 	/usr/lib/libDiagnosticMessagesClient.dylib
0x00007fff66405000 	/usr/lib/libicucore.A.dylib
0x00007fff67a77000 	/usr/lib/libz.1.dylib
0x00007fff65874000 	/usr/lib/libc++abi.dylib
0x00007fff65821000 	/usr/lib/libc++.1.dylib
0x00007fff68338000 	/usr/lib/system/libcache.dylib
0x00007fff6833e000 	/usr/lib/system/libcommonCrypto.dylib
0x00007fff6834a000 	/usr/lib/system/libcompiler_rt.dylib
0x00007fff68352000 	/usr/lib/system/libcopyfile.dylib
0x00007fff6835c000 	/usr/lib/system/libcorecrypto.dylib
0x00007fff684fb000 	/usr/lib/system/libdispatch.dylib
0x00007fff6853c000 	/usr/lib/system/libdyld.dylib
0x00007fff68573000 	/usr/lib/system/libkeymgr.dylib
0x00007fff68581000 	/usr/lib/system/liblaunch.dylib
0x00007fff68582000 	/usr/lib/system/libmacho.dylib
0x00007fff68588000 	/usr/lib/system/libquarantine.dylib
0x00007fff6858b000 	/usr/lib/system/libremovefile.dylib
0x00007fff6858d000 	/usr/lib/system/libsystem_asl.dylib
0x00007fff685a5000 	/usr/lib/system/libsystem_blocks.dylib
0x00007fff685a6000 	/usr/lib/system/libsystem_c.dylib
0x00007fff6862e000 	/usr/lib/system/libsystem_configuration.dylib
0x00007fff68632000 	/usr/lib/system/libsystem_coreservices.dylib
0x00007fff68636000 	/usr/lib/system/libsystem_darwin.dylib
0x00007fff6863f000 	/usr/lib/system/libsystem_dnssd.dylib
0x00007fff68647000 	/usr/lib/system/libsystem_featureflags.dylib
0x00007fff68649000 	/usr/lib/system/libsystem_info.dylib
0x00007fff686c4000 	/usr/lib/system/libsystem_m.dylib
0x00007fff6870c000 	/usr/lib/system/libsystem_malloc.dylib
0x00007fff68734000 	/usr/lib/system/libsystem_networkextension.dylib
0x00007fff68742000 	/usr/lib/system/libsystem_notify.dylib
0x00007fff68760000 	/usr/lib/system/libsystem_sandbox.dylib
0x00007fff68765000 	/usr/lib/system/libsystem_secinit.dylib
0x00007fff68697000 	/usr/lib/system/libsystem_kernel.dylib
0x00007fff6874c000 	/usr/lib/system/libsystem_platform.dylib
0x00007fff68755000 	/usr/lib/system/libsystem_pthread.dylib
0x00007fff68768000 	/usr/lib/system/libsystem_symptoms.dylib
0x00007fff68770000 	/usr/lib/system/libsystem_trace.dylib
0x00007fff68788000 	/usr/lib/system/libunwind.dylib
0x00007fff6878e000 	/usr/lib/system/libxpc.dylib
0x00007fff214bd000 	/System/Library/CoreServices/Encodings/libKoreanConverter.dylib
0x0000000109077000 	/usr/local/var/pyenv/versions/3.7.3/lib/python3.7/lib-dynload/_heapq.cpython-37m-darwin.so
0x00000001090bd000 	/usr/local/var/pyenv/versions/3.7.3/lib/python3.7/lib-dynload/math.cpython-37m-darwin.so
0x000000010910a000 	/usr/local/var/pyenv/versions/3.7.3/lib/python3.7/lib-dynload/_datetime.cpython-37m-darwin.so
0x0000000109125000 	/usr/local/var/pyenv/versions/3.7.3/lib/python3.7/lib-dynload/_posixsubprocess.cpython-37m-darwin.so
0x000000010912b000 	/usr/local/var/pyenv/versions/3.7.3/lib/python3.7/lib-dynload/select.cpython-37m-darwin.so
0x0000000109275000 	/usr/local/var/pyenv/versions/3.7.3/lib/python3.7/lib-dynload/_opcode.cpython-37m-darwin.so
0x0000000109379000 	/usr/local/var/pyenv/versions/3.7.3/lib/python3.7/lib-dynload/termios.cpython-37m-darwin.so
0x00000001093bf000 	/usr/local/var/pyenv/versions/3.7.3/lib/python3.7/lib-dynload/_decimal.cpython-37m-darwin.so
0x000000010945c000 	/usr/local/var/pyenv/versions/3.7.3/lib/python3.7/lib-dynload/_struct.cpython-37m-darwin.so
0x00000001094a9000 	/usr/local/var/pyenv/versions/3.7.3/lib/python3.7/lib-dynload/binascii.cpython-37m-darwin.so
0x00000001094b2000 	/usr/local/var/pyenv/versions/3.7.3/lib/python3.7/lib-dynload/_json.cpython-37m-darwin.so
0x00000001094be000 	/usr/local/var/pyenv/versions/3.7.3/lib/python3.7/lib-dynload/zlib.cpython-37m-darwin.so
0x00000001094c8000 	/usr/local/var/pyenv/versions/3.7.3/lib/python3.7/lib-dynload/_hashlib.cpython-37m-darwin.so
0x00000001094d0000 	/usr/local/opt/openssl@1.1/lib/libssl.1.1.dylib
0x0000000109548000 	/usr/local/opt/openssl@1.1/lib/libcrypto.1.1.dylib
0x0000000109775000 	/usr/local/var/pyenv/versions/3.7.3/lib/python3.7/lib-dynload/_blake2.cpython-37m-darwin.so
0x0000000109780000 	/usr/local/var/pyenv/versions/3.7.3/lib/python3.7/lib-dynload/_sha3.cpython-37m-darwin.so
0x00000001097d7000 	/usr/local/var/pyenv/versions/3.7.3/lib/python3.7/lib-dynload/_bisect.cpython-37m-darwin.so
0x00000001097db000 	/usr/local/var/pyenv/versions/3.7.3/lib/python3.7/lib-dynload/_random.cpython-37m-darwin.so
0x0000000109821000 	/usr/local/var/pyenv/versions/3.7.3/lib/python3.7/lib-dynload/_bz2.cpython-37m-darwin.so
0x00007fff65814000 	/usr/lib/libbz2.1.0.dylib
0x0000000109827000 	/usr/local/var/pyenv/versions/3.7.3/lib/python3.7/lib-dynload/grp.cpython-37m-darwin.so
0x000000010986b000 	/usr/local/var/pyenv/versions/3.7.3/lib/python3.7/lib-dynload/_socket.cpython-37m-darwin.so
0x0000000109942000 	/usr/local/var/pyenv/versions/3.7.3/lib/python3.7/lib-dynload/unicodedata.cpython-37m-darwin.so
0x0000000109a87000 	/usr/local/var/pyenv/versions/3.7.3/lib/python3.7/lib-dynload/_ssl.cpython-37m-darwin.so
0x0000000109ce6000 	/usr/local/var/pyenv/versions/3.7.3/lib/python3.7/lib-dynload/fcntl.cpython-37m-darwin.so
0x0000000109ffe000 	/usr/local/var/pyenv/versions/3.7.3/lib/python3.7/lib-dynload/_pickle.cpython-37m-darwin.so
0x0000000109cec000 	/usr/local/var/pyenv/versions/3.7.3/lib/python3.7/lib-dynload/_queue.cpython-37m-darwin.so
0x000000010a31d000 	/usr/local/var/pyenv/versions/3.7.3/lib/python3.7/lib-dynload/_sqlite3.cpython-37m-darwin.so
0x00007fff67516000 	/usr/lib/libsqlite3.dylib
0x0000000109cf2000 	/usr/local/var/pyenv/versions/3.7.3/lib/python3.7/lib-dynload/_scproxy.cpython-37m-darwin.so
0x00007fff3be24000 	/System/Library/Frameworks/SystemConfiguration.framework/Versions/A/SystemConfiguration
0x00007fff65803000 	/usr/lib/libbsm.0.dylib
0x00007fff66e7e000 	/usr/lib/libnetwork.dylib
0x00007fff673e8000 	/usr/lib/libpcap.A.dylib
0x00007fff31212000 	/System/Library/Frameworks/IOKit.framework/Versions/A/IOKit
0x00007fff65b8e000 	/usr/lib/libcoretls.dylib
0x00007fff65ba5000 	/usr/lib/libcoretls_cfhelpers.dylib
0x00007fff3ad73000 	/System/Library/Frameworks/Security.framework/Versions/A/Security
0x00007fff655e2000 	/usr/lib/libapple_nghttp2.dylib
0x00007fff662cc000 	/usr/lib/libenergytrace.dylib
0x00007fff68574000 	/usr/lib/system/libkxld.dylib
0x00007fff30ad9000 	/System/Library/Frameworks/Foundation.framework/Versions/C/Foundation
0x00007fff41d66000 	/System/Library/PrivateFrameworks/AppleFSCompression.framework/Versions/A/AppleFSCompression
0x00007fff673e1000 	/usr/lib/libpam.2.dylib
0x00007fff67955000 	/usr/lib/libxar.1.dylib
0x00007fff6573d000 	/usr/lib/libauto.dylib
0x00007fff6589d000 	/usr/lib/libcompression.dylib
0x00007fff30798000 	/System/Library/Frameworks/DiskArbitration.framework/Versions/A/DiskArbitration
0x00007fff6562d000 	/usr/lib/libarchive.2.dylib
0x00007fff67968000 	/usr/lib/libxml2.2.dylib
0x00007fff2f804000 	/System/Library/Frameworks/CoreServices.framework/Versions/A/CoreServices
0x00007fff66676000 	/usr/lib/liblangid.dylib
0x00007fff64f98000 	/usr/lib/libCRFSuite.dylib
0x00007fff2cc8b000 	/System/Library/Frameworks/CFNetwork.framework/Versions/A/CFNetwork
0x00007fff66678000 	/usr/lib/liblzma.5.dylib
0x00007fff66314000 	/usr/lib/libiconv.2.dylib
0x00007fff6588a000 	/usr/lib/libcharset.1.dylib
0x00007fff2fbbb000 	/System/Library/Frameworks/CoreServices.framework/Versions/A/Frameworks/FSEvents.framework/Versions/A/FSEvents
0x00007fff2f88b000 	/System/Library/Frameworks/CoreServices.framework/Versions/A/Frameworks/CarbonCore.framework/Versions/A/CarbonCore
0x00007fff2fdff000 	/System/Library/Frameworks/CoreServices.framework/Versions/A/Frameworks/Metadata.framework/Versions/A/Metadata
0x00007fff2fe98000 	/System/Library/Frameworks/CoreServices.framework/Versions/A/Frameworks/OSServices.framework/Versions/A/OSServices
0x00007fff2fec6000 	/System/Library/Frameworks/CoreServices.framework/Versions/A/Frameworks/SearchKit.framework/Versions/A/SearchKit
0x00007fff2f805000 	/System/Library/Frameworks/CoreServices.framework/Versions/A/Frameworks/AE.framework/Versions/A/AE
0x00007fff2fbc4000 	/System/Library/Frameworks/CoreServices.framework/Versions/A/Frameworks/LaunchServices.framework/Versions/A/LaunchServices
0x00007fff2fb6d000 	/System/Library/Frameworks/CoreServices.framework/Versions/A/Frameworks/DictionaryServices.framework/Versions/A/DictionaryServices
0x00007fff2ff2e000 	/System/Library/Frameworks/CoreServices.framework/Versions/A/Frameworks/SharedFileList.framework/Versions/A/SharedFileList
0x00007fff34dbf000 	/System/Library/Frameworks/NetFS.framework/Versions/A/NetFS
0x00007fff55aef000 	/System/Library/PrivateFrameworks/NetAuth.framework/Versions/A/NetAuth
0x00007fff62478000 	/System/Library/PrivateFrameworks/login.framework/Versions/A/Frameworks/loginsupport.framework/Versions/A/loginsupport
0x00007fff5ed85000 	/System/Library/PrivateFrameworks/TCC.framework/Versions/A/TCC
0x00007fff46997000 	/System/Library/PrivateFrameworks/CoreNLP.framework/Versions/A/CoreNLP
0x00007fff54faa000 	/System/Library/PrivateFrameworks/MetadataUtilities.framework/Versions/A/MetadataUtilities
0x00007fff66750000 	/usr/lib/libmecabra.dylib
0x00007fff2a0a3000 	/System/Library/Frameworks/Accelerate.framework/Versions/A/Accelerate
0x00007fff666a8000 	/usr/lib/libmecab.dylib
0x00007fff66304000 	/usr/lib/libgermantok.dylib
0x00007fff655c9000 	/usr/lib/libThaiTokenizer.dylib
0x00007fff64fcf000 	/usr/lib/libChineseTokenizer.dylib
0x00007fff2a0bb000 	/System/Library/Frameworks/Accelerate.framework/Versions/A/Frameworks/vImage.framework/Versions/A/vImage
0x00007fff2b525000 	/System/Library/Frameworks/Accelerate.framework/Versions/A/Frameworks/vecLib.framework/Versions/A/vecLib
0x00007fff2b462000 	/System/Library/Frameworks/Accelerate.framework/Versions/A/Frameworks/vecLib.framework/Versions/A/libvMisc.dylib
0x00007fff2b28a000 	/System/Library/Frameworks/Accelerate.framework/Versions/A/Frameworks/vecLib.framework/Versions/A/libvDSP.dylib
0x00007fff2a712000 	/System/Library/Frameworks/Accelerate.framework/Versions/A/Frameworks/vecLib.framework/Versions/A/libBLAS.dylib
0x00007fff2ae4e000 	/System/Library/Frameworks/Accelerate.framework/Versions/A/Frameworks/vecLib.framework/Versions/A/libLAPACK.dylib
0x00007fff2b1ea000 	/System/Library/Frameworks/Accelerate.framework/Versions/A/Frameworks/vecLib.framework/Versions/A/libLinearAlgebra.dylib
0x00007fff2b277000 	/System/Library/Frameworks/Accelerate.framework/Versions/A/Frameworks/vecLib.framework/Versions/A/libSparseBLAS.dylib
0x00007fff2b200000 	/System/Library/Frameworks/Accelerate.framework/Versions/A/Frameworks/vecLib.framework/Versions/A/libQuadrature.dylib
0x00007fff2a97a000 	/System/Library/Frameworks/Accelerate.framework/Versions/A/Frameworks/vecLib.framework/Versions/A/libBNNS.dylib
0x00007fff2b206000 	/System/Library/Frameworks/Accelerate.framework/Versions/A/Frameworks/vecLib.framework/Versions/A/libSparse.dylib
0x00007fff53b1e000 	/System/Library/PrivateFrameworks/LanguageModeling.framework/Versions/A/LanguageModeling
0x00007fff46347000 	/System/Library/PrivateFrameworks/CoreEmoji.framework/Versions/A/CoreEmoji
0x00007fff53c3c000 	/System/Library/PrivateFrameworks/LinguisticData.framework/Versions/A/LinguisticData
0x00007fff53bed000 	/System/Library/PrivateFrameworks/Lexicon.framework/Versions/A/Lexicon
0x00007fff6588b000 	/usr/lib/libcmph.dylib
0x00007fff379ae000 	/System/Library/Frameworks/OpenDirectory.framework/Versions/A/Frameworks/CFOpenDirectory.framework/Versions/A/CFOpenDirectory
0x00007fff379cb000 	/System/Library/Frameworks/OpenDirectory.framework/Versions/A/OpenDirectory
0x00007fff3fe0e000 	/System/Library/PrivateFrameworks/APFS.framework/Versions/A/APFS
0x00007fff3b0bd000 	/System/Library/Frameworks/SecurityFoundation.framework/Versions/A/SecurityFoundation
0x00007fff67951000 	/usr/lib/libutil.dylib
0x00007fff4787c000 	/System/Library/PrivateFrameworks/CoreServicesStore.framework/Versions/A/CoreServicesStore
0x00007fff3b174000 	/System/Library/Frameworks/ServiceManagement.framework/Versions/A/ServiceManagement
0x00007fff43536000 	/System/Library/PrivateFrameworks/BackgroundTaskManagement.framework/Versions/A/BackgroundTaskManagement
0x00007fff67a4e000 	/usr/lib/libxslt.1.dylib
0x000000010a7f5000 	/Users/kimja01/projects/crawling/venv/lib/python3.7/site-packages/lxml/etree.cpython-37m-darwin.so
0x000000010ae2f000 	/Users/kimja01/projects/crawling/venv/lib/python3.7/site-packages/lxml/_elementpath.cpython-37m-darwin.so
0x000000010aeea000 	/Users/kimja01/projects/crawling/venv/lib/python3.7/site-packages/numpy/core/_multiarray_umath.cpython-37m-darwin.so
0x000000010b379000 	/Users/kimja01/projects/crawling/venv/lib/python3.7/site-packages/numpy/.dylibs/libopenblas.0.dylib
0x000000010effc000 	/Users/kimja01/projects/crawling/venv/lib/python3.7/site-packages/numpy/.dylibs/libgfortran.3.dylib
0x000000010f177000 	/Users/kimja01/projects/crawling/venv/lib/python3.7/site-packages/numpy/.dylibs/libquadmath.0.dylib
0x000000010f1bc000 	/Users/kimja01/projects/crawling/venv/lib/python3.7/site-packages/numpy/.dylibs/libgcc_s.1.dylib
0x00000001152dc000 	/Users/kimja01/projects/crawling/venv/lib/python3.7/site-packages/numpy/core/_multiarray_tests.cpython-37m-darwin.so
0x000000011533a000 	/usr/local/var/pyenv/versions/3.7.3/lib/python3.7/lib-dynload/_ctypes.cpython-37m-darwin.so
0x000000011539d000 	/Users/kimja01/projects/crawling/venv/lib/python3.7/site-packages/numpy/linalg/lapack_lite.cpython-37m-darwin.so
0x00000001153a2000 	/Users/kimja01/projects/crawling/venv/lib/python3.7/site-packages/numpy/linalg/_umath_linalg.cpython-37m-darwin.so
0x000000011548a000 	/Users/kimja01/projects/crawling/venv/lib/python3.7/site-packages/numpy/fft/_pocketfft_internal.cpython-37m-darwin.so
0x000000011551f000 	/Users/kimja01/projects/crawling/venv/lib/python3.7/site-packages/numpy/random/mtrand.cpython-37m-darwin.so
0x00000001155df000 	/Users/kimja01/projects/crawling/venv/lib/python3.7/site-packages/numpy/random/bit_generator.cpython-37m-darwin.so
0x0000000115618000 	/Users/kimja01/projects/crawling/venv/lib/python3.7/site-packages/numpy/random/_common.cpython-37m-darwin.so
0x0000000115662000 	/Users/kimja01/projects/crawling/venv/lib/python3.7/site-packages/numpy/random/_bounded_integers.cpython-37m-darwin.so
0x00000001156d3000 	/Users/kimja01/projects/crawling/venv/lib/python3.7/site-packages/numpy/random/_mt19937.cpython-37m-darwin.so
0x00000001156ed000 	/Users/kimja01/projects/crawling/venv/lib/python3.7/site-packages/numpy/random/_philox.cpython-37m-darwin.so
0x0000000115704000 	/Users/kimja01/projects/crawling/venv/lib/python3.7/site-packages/numpy/random/_pcg64.cpython-37m-darwin.so
0x0000000115718000 	/Users/kimja01/projects/crawling/venv/lib/python3.7/site-packages/numpy/random/_sfc64.cpython-37m-darwin.so
0x0000000115727000 	/Users/kimja01/projects/crawling/venv/lib/python3.7/site-packages/numpy/random/_generator.cpython-37m-darwin.so
0x0000000117ac0000 	/Users/kimja01/projects/crawling/venv/lib/python3.7/site-packages/matplotlib/ft2font.cpython-37m-darwin.so
0x0000000117bb0000 	/Users/kimja01/projects/crawling/venv/lib/python3.7/site-packages/kiwisolver.cpython-37m-darwin.so
0x0000000117c68000 	/usr/local/var/pyenv/versions/3.7.3/lib/python3.7/lib-dynload/_elementtree.cpython-37m-darwin.so
0x0000000117c7b000 	/usr/local/var/pyenv/versions/3.7.3/lib/python3.7/lib-dynload/pyexpat.cpython-37m-darwin.so
0x0000000117cbb000 	/Users/kimja01/projects/crawling/venv/lib/python3.7/site-packages/PIL/_imaging.cpython-37m-darwin.so
0x0000000117d41000 	/Users/kimja01/projects/crawling/venv/lib/python3.7/site-packages/PIL/.dylibs/libjpeg.9.dylib
0x0000000117d89000 	/Users/kimja01/projects/crawling/venv/lib/python3.7/site-packages/PIL/.dylibs/libopenjp2.2.3.1.dylib
0x0000000117e0a000 	/Users/kimja01/projects/crawling/venv/lib/python3.7/site-packages/PIL/.dylibs/libz.1.2.11.dylib
0x0000000117e29000 	/Users/kimja01/projects/crawling/venv/lib/python3.7/site-packages/PIL/.dylibs/libtiff.5.dylib
0x0000000117eca000 	/Users/kimja01/projects/crawling/venv/lib/python3.7/site-packages/PIL/.dylibs/libxcb.1.1.0.dylib
0x0000000117f05000 	/Users/kimja01/projects/crawling/venv/lib/python3.7/site-packages/PIL/.dylibs/liblzma.5.dylib
0x0000000117f3e000 	/Users/kimja01/projects/crawling/venv/lib/python3.7/site-packages/PIL/.dylibs/libXau.6.dylib
0x0000000117f82000 	/Users/kimja01/projects/crawling/venv/lib/python3.7/site-packages/PIL/_imagingft.cpython-37m-darwin.so
0x0000000117f8b000 	/Users/kimja01/projects/crawling/venv/lib/python3.7/site-packages/PIL/.dylibs/libfreetype.6.dylib
0x0000000118087000 	/Users/kimja01/projects/crawling/venv/lib/python3.7/site-packages/PIL/.dylibs/libpng16.16.dylib
0x00000001180cd000 	/Users/kimja01/projects/crawling/venv/lib/python3.7/site-packages/wordcloud/query_integral_image.cpython-37m-darwin.so
0x00000001180fd000 	/usr/local/var/pyenv/versions/3.7.3/lib/python3.7/lib-dynload/array.cpython-37m-darwin.so
0x000000011814e000 	/Users/kimja01/projects/crawling/venv/lib/python3.7/site-packages/_jpype.cpython-37m-darwin.so
0x00000001183e1000 	/Users/kimja01/projects/crawling/venv/lib/python3.7/site-packages/matplotlib/_path.cpython-37m-darwin.so
0x00000001188cd000 	/Users/kimja01/projects/crawling/venv/lib/python3.7/site-packages/matplotlib/_image.cpython-37m-darwin.so
0x0000000118c01000 	/Users/kimja01/projects/crawling/venv/lib/python3.7/site-packages/matplotlib/backends/_macosx.cpython-37m-darwin.so
0x00007fff2d57a000 	/System/Library/Frameworks/Cocoa.framework/Versions/A/Cocoa
0x00007fff2b6cf000 	/System/Library/Frameworks/AppKit.framework/Versions/C/AppKit
0x00007fff2e89d000 	/System/Library/Frameworks/CoreGraphics.framework/Versions/A/CoreGraphics
0x00007fff2defe000 	/System/Library/Frameworks/CoreData.framework/Versions/A/CoreData
0x00007fff5f550000 	/System/Library/PrivateFrameworks/UIFoundation.framework/Versions/A/UIFoundation
0x00007fff5a5e4000 	/System/Library/PrivateFrameworks/RemoteViewServices.framework/Versions/A/RemoteViewServices
0x00007fff620ab000 	/System/Library/PrivateFrameworks/XCTTargetBootstrap.framework/Versions/A/XCTTargetBootstrap
0x00007fff2e2e9000 	/System/Library/Frameworks/CoreDisplay.framework/Versions/A/CoreDisplay
0x00007fff33994000 	/System/Library/Frameworks/Metal.framework/Versions/A/Metal
0x00007fff4858f000 	/System/Library/PrivateFrameworks/DesktopServicesPriv.framework/Versions/A/DesktopServicesPriv
0x00007fff47824000 	/System/Library/PrivateFrameworks/CoreSVG.framework/Versions/A/CoreSVG
0x00007fff5d740000 	/System/Library/PrivateFrameworks/SkyLight.framework/Versions/A/SkyLight
0x00007fff5352d000 	/System/Library/PrivateFrameworks/IconServices.framework/Versions/A/IconServices
0x00007fff312b8000 	/System/Library/Frameworks/IOSurface.framework/Versions/A/IOSurface
0x00007fff2c4df000 	/System/Library/Frameworks/ApplicationServices.framework/Versions/A/ApplicationServices
0x00007fff483e9000 	/System/Library/PrivateFrameworks/DFRFoundation.framework/Versions/A/DFRFoundation
0x00007fff2c811000 	/System/Library/Frameworks/AudioToolbox.framework/Versions/A/AudioToolbox
0x00007fff2c8f4000 	/System/Library/Frameworks/AudioUnit.framework/Versions/A/AudioUnit
0x00007fff4848b000 	/System/Library/PrivateFrameworks/DataDetectorsCore.framework/Versions/A/DataDetectorsCore
0x00007fff2d09b000 	/System/Library/Frameworks/Carbon.framework/Versions/A/Frameworks/HIToolbox.framework/Versions/A/HIToolbox
0x00007fff39f6d000 	/System/Library/Frameworks/QuartzCore.framework/Versions/A/QuartzCore
0x00007fff2d3da000 	/System/Library/Frameworks/Carbon.framework/Versions/A/Frameworks/SpeechRecognition.framework/Versions/A/SpeechRecognition
0x00007fff47efd000 	/System/Library/PrivateFrameworks/CoreUI.framework/Versions/A/CoreUI
0x00007fff2d969000 	/System/Library/Frameworks/CoreAudio.framework/Versions/A/CoreAudio
0x00007fff555bf000 	/System/Library/PrivateFrameworks/MultitouchSupport.framework/Versions/A/MultitouchSupport
0x00007fff57777000 	/System/Library/PrivateFrameworks/PerformanceAnalysis.framework/Versions/A/PerformanceAnalysis
0x00007fff38fa0000 	/System/Library/Frameworks/OpenGL.framework/Versions/A/OpenGL
0x00007fff2d588000 	/System/Library/Frameworks/ColorSync.framework/Versions/A/ColorSync
0x00007fff2ef20000 	/System/Library/Frameworks/CoreImage.framework/Versions/A/CoreImage
0x00007fff30277000 	/System/Library/Frameworks/CoreText.framework/Versions/A/CoreText
0x00007fff31348000 	/System/Library/Frameworks/ImageIO.framework/Versions/A/ImageIO
0x00007fff653a9000 	/usr/lib/libMobileGestalt.dylib
0x00007fff5f2ba000 	/System/Library/PrivateFrameworks/TextureIO.framework/Versions/A/TextureIO
0x00007fff656a0000 	/usr/lib/libate.dylib
0x00007fff53736000 	/System/Library/PrivateFrameworks/InternationalSupport.framework/Versions/A/InternationalSupport
0x00007fff423d9000 	/System/Library/PrivateFrameworks/AppleSystemInfo.framework/Versions/A/AppleSystemInfo
0x00007fff31563000 	/System/Library/Frameworks/ImageIO.framework/Versions/A/Resources/libJPEG.dylib
0x00007fff31822000 	/System/Library/Frameworks/ImageIO.framework/Versions/A/Resources/libTIFF.dylib
0x00007fff31805000 	/System/Library/Frameworks/ImageIO.framework/Versions/A/Resources/libPng.dylib
0x00007fff314a5000 	/System/Library/Frameworks/ImageIO.framework/Versions/A/Resources/libGIF.dylib
0x00007fff314a9000 	/System/Library/Frameworks/ImageIO.framework/Versions/A/Resources/libJP2.dylib
0x00007fff31820000 	/System/Library/Frameworks/ImageIO.framework/Versions/A/Resources/libRadiance.dylib
0x00007fff662cd000 	/usr/lib/libexpat.1.dylib
0x00007fff41ec1000 	/System/Library/PrivateFrameworks/AppleJPEG.framework/Versions/A/AppleJPEG
0x00007fff4ab92000 	/System/Library/PrivateFrameworks/FontServices.framework/libFontParser.dylib
0x00007fff6147a000 	/System/Library/PrivateFrameworks/WatchdogClient.framework/Versions/A/WatchdogClient
0x00007fff53179000 	/System/Library/PrivateFrameworks/IOAccelerator.framework/Versions/A/IOAccelerator
0x00007fff33d2f000 	/System/Library/Frameworks/MetalPerformanceShaders.framework/Versions/A/MetalPerformanceShaders
0x00007fff4f90f000 	/System/Library/PrivateFrameworks/GPUWrangler.framework/Versions/A/GPUWrangler
0x00007fff5318e000 	/System/Library/PrivateFrameworks/IOPresentment.framework/Versions/A/IOPresentment
0x00007fff483fc000 	/System/Library/PrivateFrameworks/DSExternalDisplay.framework/Versions/A/DSExternalDisplay
0x00007fff3833f000 	/System/Library/Frameworks/OpenGL.framework/Versions/A/Libraries/libCoreFSCache.dylib
0x00007fff33a7b000 	/System/Library/Frameworks/MetalPerformanceShaders.framework/Frameworks/MPSCore.framework/Versions/A/MPSCore
0x00007fff33ab9000 	/System/Library/Frameworks/MetalPerformanceShaders.framework/Frameworks/MPSImage.framework/Versions/A/MPSImage
0x00007fff33b80000 	/System/Library/Frameworks/MetalPerformanceShaders.framework/Frameworks/MPSNeuralNetwork.framework/Versions/A/MPSNeuralNetwork
0x00007fff33b44000 	/System/Library/Frameworks/MetalPerformanceShaders.framework/Frameworks/MPSMatrix.framework/Versions/A/MPSMatrix
0x00007fff33cdf000 	/System/Library/Frameworks/MetalPerformanceShaders.framework/Frameworks/MPSRayIntersector.framework/Versions/A/MPSRayIntersector
0x00007fff33b6a000 	/System/Library/Frameworks/MetalPerformanceShaders.framework/Frameworks/MPSNDArray.framework/Versions/A/MPSNDArray
0x00007fff54ff7000 	/System/Library/PrivateFrameworks/MetalTools.framework/Versions/A/MetalTools
0x00007fff40fe8000 	/System/Library/PrivateFrameworks/AggregateDictionary.framework/Versions/A/AggregateDictionary
0x00007fff45d8f000 	/System/Library/PrivateFrameworks/CoreAnalytics.framework/Versions/A/CoreAnalytics
0x00007fff422f8000 	/System/Library/PrivateFrameworks/AppleSauce.framework/Versions/A/AppleSauce
0x00007fff6528b000 	/usr/lib/libIOReport.dylib
0x00007fff3042f000 	/System/Library/Frameworks/CoreVideo.framework/Versions/A/CoreVideo
0x00007fff50d88000 	/System/Library/PrivateFrameworks/GraphVisualizer.framework/Versions/A/GraphVisualizer
0x00007fff4a0d8000 	/System/Library/PrivateFrameworks/FaceCore.framework/Versions/A/FaceCore
0x00007fff37955000 	/System/Library/Frameworks/OpenCL.framework/Versions/A/OpenCL
0x00007fff650ad000 	/usr/lib/libFosl_dynamic.dylib
0x00007fff5650f000 	/System/Library/PrivateFrameworks/OTSVG.framework/Versions/A/OTSVG
0x00007fff2c5e4000 	/System/Library/Frameworks/ApplicationServices.framework/Versions/A/Frameworks/ATS.framework/Versions/A/Resources/libFontRegistry.dylib
0x00007fff4ad63000 	/System/Library/PrivateFrameworks/FontServices.framework/libhvf.dylib
0x00007fff3834a000 	/System/Library/Frameworks/OpenGL.framework/Versions/A/Libraries/libGFXShared.dylib
0x00007fff38528000 	/System/Library/Frameworks/OpenGL.framework/Versions/A/Libraries/libGLU.dylib
0x00007fff38353000 	/System/Library/Frameworks/OpenGL.framework/Versions/A/Libraries/libGL.dylib
0x00007fff3835e000 	/System/Library/Frameworks/OpenGL.framework/Versions/A/Libraries/libGLImage.dylib
0x00007fff3833c000 	/System/Library/Frameworks/OpenGL.framework/Versions/A/Libraries/libCVMSPluginSupport.dylib
0x00007fff38345000 	/System/Library/Frameworks/OpenGL.framework/Versions/A/Libraries/libCoreVMClient.dylib
0x00007fff66d1f000 	/usr/lib/libncurses.5.4.dylib
0x00007fff2c4e0000 	/System/Library/Frameworks/ApplicationServices.framework/Versions/A/Frameworks/ATS.framework/Versions/A/ATS
0x00007fff2c6ad000 	/System/Library/Frameworks/ApplicationServices.framework/Versions/A/Frameworks/ColorSyncLegacy.framework/Versions/A/ColorSyncLegacy
0x00007fff2c74b000 	/System/Library/Frameworks/ApplicationServices.framework/Versions/A/Frameworks/HIServices.framework/Versions/A/HIServices
0x00007fff2c7a3000 	/System/Library/Frameworks/ApplicationServices.framework/Versions/A/Frameworks/LangAnalysis.framework/Versions/A/LangAnalysis
0x00007fff2c7b2000 	/System/Library/Frameworks/ApplicationServices.framework/Versions/A/Frameworks/PrintCore.framework/Versions/A/PrintCore
0x00007fff2c7f8000 	/System/Library/Frameworks/ApplicationServices.framework/Versions/A/Frameworks/QD.framework/Versions/A/QD
0x00007fff2c803000 	/System/Library/Frameworks/ApplicationServices.framework/Versions/A/Frameworks/SpeechSynthesis.framework/Versions/A/SpeechSynthesis
0x00007fff2c67d000 	/System/Library/Frameworks/ApplicationServices.framework/Versions/A/Frameworks/ATSUI.framework/Versions/A/ATSUI
0x00007fff66163000 	/usr/lib/libcups.2.dylib
0x00007fff32dca000 	/System/Library/Frameworks/Kerberos.framework/Versions/A/Kerberos
0x00007fff30f0b000 	/System/Library/Frameworks/GSS.framework/Versions/A/GSS
0x00007fff674a2000 	/usr/lib/libresolv.9.dylib
0x00007fff50f35000 	/System/Library/PrivateFrameworks/Heimdal.framework/Versions/A/Heimdal
0x00007fff32ddd000 	/System/Library/Frameworks/Kerberos.framework/Versions/A/Libraries/libHeimdalProxy.dylib
0x00007fff6630a000 	/usr/lib/libheimdal-asn1.dylib
0x00007fff45227000 	/System/Library/PrivateFrameworks/CommonAuth.framework/Versions/A/CommonAuth
0x00007fff42476000 	/System/Library/PrivateFrameworks/AssertionServices.framework/Versions/A/AssertionServices
0x00007fff43019000 	/System/Library/PrivateFrameworks/AudioToolboxCore.framework/Versions/A/AudioToolboxCore
0x00007fff62128000 	/System/Library/PrivateFrameworks/caulk.framework/Versions/A/caulk
0x00007fff435e2000 	/System/Library/PrivateFrameworks/BaseBoard.framework/Versions/A/BaseBoard
0x00007fff5a772000 	/System/Library/PrivateFrameworks/RunningBoardServices.framework/Versions/A/RunningBoardServices
0x00007fff57783000 	/System/Library/PrivateFrameworks/PersistentConnection.framework/Versions/A/PersistentConnection
0x00007fff5a16b000 	/System/Library/PrivateFrameworks/ProtocolBuffer.framework/Versions/A/ProtocolBuffer
0x00007fff4524b000 	/System/Library/PrivateFrameworks/CommonUtilities.framework/Versions/A/CommonUtilities
0x00007fff43770000 	/System/Library/PrivateFrameworks/Bom.framework/Versions/A/Bom
0x00007fff64f5e000 	/usr/lib/libAudioToolboxUtility.dylib
0x00007fff43540000 	/System/Library/PrivateFrameworks/Backup.framework/Versions/A/Backup
0x00007fff4831d000 	/System/Library/PrivateFrameworks/CrashReporterSupport.framework/Versions/A/CrashReporterSupport
0x00007fff5c204000 	/System/Library/PrivateFrameworks/Sharing.framework/Versions/A/Sharing
0x00007fff41a84000 	/System/Library/PrivateFrameworks/Apple80211.framework/Versions/A/Apple80211
0x00007fff4325d000 	/System/Library/PrivateFrameworks/AuthKit.framework/Versions/A/AuthKit
0x00007fff4802a000 	/System/Library/PrivateFrameworks/CoreUtils.framework/Versions/A/CoreUtils
0x00007fff30474000 	/System/Library/Frameworks/CoreWLAN.framework/Versions/A/CoreWLAN
0x00007fff31098000 	/System/Library/Frameworks/IOBluetooth.framework/Versions/A/IOBluetooth
0x00007fff5533e000 	/System/Library/PrivateFrameworks/MobileKeyBag.framework/Versions/A/MobileKeyBag
0x00007fff46e2f000 	/System/Library/PrivateFrameworks/CorePhoneNumbers.framework/Versions/A/CorePhoneNumbers
0x00007fff41e74000 	/System/Library/PrivateFrameworks/AppleIDAuthSupport.framework/Versions/A/AppleIDAuthSupport
0x00007fff34dcc000 	/System/Library/Frameworks/Network.framework/Versions/A/Network
0x00007fff539ca000 	/System/Library/PrivateFrameworks/KeychainCircle.framework/Versions/A/KeychainCircle
0x00007fff2dec5000 	/System/Library/Frameworks/CoreBluetooth.framework/Versions/A/CoreBluetooth
0x00007fff5e283000 	/System/Library/PrivateFrameworks/SpeechRecognitionCore.framework/Versions/A/SpeechRecognitionCore
0x0000000118c1d000 	/Users/kimja01/projects/crawling/venv/lib/python3.7/site-packages/matplotlib/backends/_backend_agg.cpython-37m-darwin.so
0x00007fff678f6000 	/usr/lib/libusrtcp.dylib
0x0000000118db0000 	/Library/Java/JavaVirtualMachines/adoptopenjdk-8.jdk/Contents/Home/jre/lib/jli/libjli.dylib
0x0000000119e00000 	/Library/Java/JavaVirtualMachines/adoptopenjdk-8.jdk/Contents/Home/jre/lib/server/libjvm.dylib
0x0000000118dc3000 	/Library/Java/JavaVirtualMachines/adoptopenjdk-8.jdk/Contents/Home/jre/lib/libverify.dylib
0x000000011a767000 	/Library/Java/JavaVirtualMachines/adoptopenjdk-8.jdk/Contents/Home/jre/lib/libjava.dylib
0x0000000118ddc000 	/Library/Java/JavaVirtualMachines/adoptopenjdk-8.jdk/Contents/Home/jre/lib/libzip.dylib
0x000000012e630000 	/Library/Java/JavaVirtualMachines/adoptopenjdk-8.jdk/Contents/Home/jre/lib/libnio.dylib
0x000000012e642000 	/Library/Java/JavaVirtualMachines/adoptopenjdk-8.jdk/Contents/Home/jre/lib/libnet.dylib

VM Arguments:
jvm_args: -Dfile.encoding=UTF8 -ea -Xmx1024m 
java_command: <unknown>
java_class_path (initial): /Users/kimja01/projects/crawling/venv/lib/python3.7/site-packages/konlpy/java:/Users/kimja01/projects/crawling/venv/lib/python3.7/site-packages/konlpy/java/bin:/Users/kimja01/projects/crawling/venv/lib/python3.7/site-packages/konlpy/java/*:/Users/kimja01/projects/crawling/venv/lib/python3.7/site-packages/konlpy/java/jhannanum-0.8.4.jar:/Users/kimja01/projects/crawling/venv/lib/python3.7/site-packages/konlpy/java/kkma-2.0.jar:/Users/kimja01/projects/crawling/venv/lib/python3.7/site-packages/konlpy/java/aho-corasick.jar:/Users/kimja01/projects/crawling/venv/lib/python3.7/site-packages/konlpy/java/shineware-common-1.0.jar:/Users/kimja01/projects/crawling/venv/lib/python3.7/site-packages/konlpy/java/shineware-ds-1.0.jar:/Users/kimja01/projects/crawling/venv/lib/python3.7/site-packages/konlpy/java/komoran-3.0.jar:/Users/kimja01/projects/crawling/venv/lib/python3.7/site-packages/konlpy/java/snakeyaml-1.12.jar:/Users/kimja01/projects/crawling/venv/lib/python3.7/site-packages/konlpy/java/scala-library-2.12.3.jar:/Users/kimja01/projects/crawling/venv/lib/python3.7/site-packages/konlpy/java/open-korean-text-2.1.0.jar:/Users/kimja01/projects/crawling/venv/lib/python3.7/site-packages/konlpy/java/twitter-text-1.14.7.jar:/Users/kimja01/projects/crawling/venv/lib/python3.7/site-packages/konlpy/java/*
Launcher Type: generic

Environment Variables:
JAVA_HOME=/Library/Java/JavaVirtualMachines/adoptopenjdk-8.jdk/Contents/Home
PATH=/Users/kimja01/projects/crawling/venv/bin:/usr/local/sbin:/usr/local/Cellar/pyenv-virtualenv/1.1.3/shims:/usr/local/var/pyenv/shims:/usr/local/bin:/usr/bin:/bin:/usr/sbin:/sbin:/Library/Apple/usr/bin:/Users/kimja01/bin:/Users/kimja01/Library/Android/sdk/emulator:/Users/kimja01/Library/Android/sdk/tools:/Users/kimja01/Library/Android/sdk/tools/bin:/Users/kimja01/Library/Android/sdk/platform-tools:/usr/local/Cellar/mysql/8.0.18/bin/
SHELL=/bin/zsh

Signal Handlers:
SIGSEGV: [libjvm.dylib+0x55f6f9], sa_mask[0]=11111111011111110111111111111111, sa_flags=SA_ONSTACK|SA_RESTART|SA_SIGINFO
SIGBUS: [libjvm.dylib+0x55f6f9], sa_mask[0]=11111111011111110111111111111111, sa_flags=SA_RESTART|SA_SIGINFO
SIGFPE: [libjvm.dylib+0x459bff], sa_mask[0]=11111111011111110111111111111111, sa_flags=SA_RESTART|SA_SIGINFO
SIGPIPE: [libjvm.dylib+0x459bff], sa_mask[0]=11111111011111110111111111111111, sa_flags=SA_RESTART|SA_SIGINFO
SIGXFSZ: [libjvm.dylib+0x459bff], sa_mask[0]=11111111011111110111111111111111, sa_flags=SA_RESTART|SA_SIGINFO
SIGILL: [libjvm.dylib+0x459bff], sa_mask[0]=11111111011111110111111111111111, sa_flags=SA_RESTART|SA_SIGINFO
SIGUSR1: SIG_DFL, sa_mask[0]=00000000000000000000000000000000, sa_flags=SA_RESTART
SIGUSR2: [libjvm.dylib+0x45a4f6], sa_mask[0]=00000000000000000000000000000000, sa_flags=SA_RESTART|SA_SIGINFO
SIGHUP: [libjvm.dylib+0x458745], sa_mask[0]=11111111011111110111111111111111, sa_flags=SA_RESTART|SA_SIGINFO
SIGINT: [libjvm.dylib+0x458745], sa_mask[0]=11111111011111110111111111111111, sa_flags=SA_RESTART|SA_SIGINFO
SIGTERM: [libjvm.dylib+0x458745], sa_mask[0]=11111111011111110111111111111111, sa_flags=SA_RESTART|SA_SIGINFO
SIGQUIT: [libjvm.dylib+0x458745], sa_mask[0]=11111111011111110111111111111111, sa_flags=SA_RESTART|SA_SIGINFO


---------------  S Y S T E M  ---------------

OS:Bsduname:Darwin 19.6.0 Darwin Kernel Version 19.6.0: Mon Aug 31 22:12:52 PDT 2020; root:xnu-6153.141.2~1/RELEASE_X86_64 x86_64
rlimit: STACK 8192k, CORE 0k, NPROC 2784, NOFILE 10240, AS infinity
load average:3.55 2.22 1.98

CPU:total 8 (initial active 8) (4 cores per cpu, 2 threads per core) family 6 model 142 stepping 10, cmov, cx8, fxsr, mmx, sse, sse2, sse3, ssse3, sse4.1, sse4.2, popcnt, avx, avx2, aes, clmul, erms, 3dnowpref, lzcnt, ht, tsc, tscinvbit, bmi1, bmi2, adx

Memory: 4k page, physical 16777216k(1945224k free)

/proc/meminfo:


vm_info: OpenJDK 64-Bit Server VM (25.252-b09) for bsd-amd64 JRE (1.8.0_252-b09), built on Apr 22 2020 09:48:37 by "jenkins" with gcc 4.2.1 Compatible Apple LLVM 10.0.1 (clang-1001.0.46.4)

time: Sun Nov 29 12:13:36 2020
timezone: UTC
elapsed time: 4 seconds (0d 0h 0m 4s)

